GROUP,PACKAGE,CLASS,INSTRUCTION_MISSED,INSTRUCTION_COVERED,BRANCH_MISSED,BRANCH_COVERED,LINE_MISSED,LINE_COVERED,COMPLEXITY_MISSED,COMPLEXITY_COVERED,METHOD_MISSED,METHOD_COVERED
Test Server Auth Module,net.trajano.auth,TestServerAuthModule,0,445,0,46,0,100,0,37,0,14
Test Server Auth Module,net.trajano.auth,AuthModuleConfigProvider,0,27,0,2,0,8,0,5,0,4
Test Server Auth Module,net.trajano.auth,Initializer,0,24,0,0,0,6,0,3,0,3
Test Server Auth Module,net.trajano.auth,TestServerAuthModuleAuthConfig,0,102,0,10,0,27,0,14,0,9
Test Server Auth Module,net.trajano.auth.session,Initializer,0,24,0,0,0,6,0,3,0,3
Test Server Auth Module,net.trajano.auth.session,AuthModuleConfigProvider,0,27,0,2,0,8,0,5,0,4
Test Server Auth Module,net.trajano.auth.session,TestServerAuthModuleAuthConfig,0,102,0,10,0,27,0,14,0,9
Test Server Auth Module,net.trajano.auth.session,TestServerAuthModule,0,473,0,50,0,111,0,39,0,14
